nohup: ignoring input
2026/02/14 14:47:00 api listening on 127.0.0.1:8081 env=dev
2026/02/14 14:47:04 GET /api/ping 200 174.719µs
2026/02/14 14:49:26 GET /api/ping 200 99.705µs
2026/02/14 14:50:02 GET /api/ping 200 115.032µs
2026/02/14 14:50:38 GET /api/ping 200 59.736µs
2026/02/14 14:58:17 GET /api/api/ping 404 203.872µs
2026/02/14 15:33:07 GET /api/ping 200 343.215µs
2026/02/14 15:33:14 GET /api/api/ping 404 81.161µs
2026/02/14 15:33:42 GET /api/api/ping 404 51.562µs
2026/02/14 15:33:49 GET /api/api/ping 404 37.497µs
2026/02/14 15:34:11 GET /api/user/ 404 26.843µs
2026/02/14 15:34:11 POST /api 404 18.985µs
2026/02/14 15:34:11 POST /api/graphql 404 42.288µs
2026/02/14 15:34:12 POST /api/gql 404 19.045µs
2026/02/14 15:34:28 GET /api/swagger.json 404 33.5µs
2026/02/14 15:34:34 GET /api/api/ping 404 21.688µs
2026/02/14 15:35:05 GET /api/ping 200 59.328µs
2026/02/14 15:37:08 GET /api/api/ping 404 169.086µs
2026/02/14 15:37:10 GET /api/api/ping 404 44.64µs
2026/02/14 15:37:32 GET /api/api/ping 404 82.238µs
2026/02/14 15:37:34 GET /api/api/ping 404 24.861µs
2026/02/14 15:37:36 GET /api/api/ping 404 27.312µs
2026/02/14 15:39:29 GET /api/api/ping 404 54.252µs
2026/02/14 15:40:16 GET /api/api/ping 404 21.924µs
2026/02/14 15:40:17 GET /api/api/ping 404 29.831µs
2026/02/14 15:41:51 GET /api/ping 200 133.384µs
2026/02/14 15:45:18 GET /api/ping 200 303.693µs
2026/02/14 15:45:23 GET /api/ping 200 54.863µs
2026/02/14 15:45:37 GET /api/ping 200 48.754µs
2026/02/14 15:58:26 GET /api/ping 200 222.515µs
2026/02/14 16:10:46 GET /api/ping 200 308.319µs
2026/02/14 16:12:50 GET /api/ping 200 257.137µs
signal: killed
